<?xml version="1.0" encoding="UTF-8"?>
<!-- Generated by org.testng.reporters.JUnitReportReporter -->
<testsuite hostname="DESKTOP-PH3G0PC" failures="0" tests="1" name="Appiumpractise.Appiumpro.AppLoad" time="23.256" errors="0" timestamp="2020-06-02T22:52:32 IST" skipped="0">
  <testcase classname="Appiumpractise.Appiumpro.AppLoad" name="launch" time="23.256"/>
</testsuite> <!-- Appiumpractise.Appiumpro.AppLoad -->
